<?xml version="1.0" encoding="UTF-8"?>
<!-- Generated by org.testng.reporters.JUnitReportReporter -->
<testsuite hostname="DESKTOP-EA3SF9B" failures="0" tests="1" name="tests.DemoTests" time="60.460" errors="0" timestamp="2021-02-04T21:35:10 CET" skipped="0">
  <testcase classname="tests.DemoTests" name="demoTest" time="60.460"/>
  <system-out/>
</testsuite> <!-- tests.DemoTests -->
